<?xml version="1.0" encoding="UTF-8"?>
<!-- Generated by org.testng.reporters.JUnitReportReporter -->
<testsuite skipped="0" hostname="cedronds-026" name="testClass.NewTest" tests="1" failures="0" timestamp="04 dez 2018 19:24:13 GMT" time="24.231" errors="0">
  <testcase name="beforeTest" time="24.231" classname="testClass.NewTest"/>
</testsuite> <!-- testClass.NewTest -->
